<?xml version="1.0" encoding="UTF-8"?>
<coverage generated="1683239778355" clover="3.2.0">
  <project timestamp="1683239778355" name="All files">
    <metrics statements="96" coveredstatements="96" conditionals="47" coveredconditionals="47" methods="32" coveredmethods="32" elements="175" coveredelements="175" complexity="0" loc="96" ncloc="96" packages="10" files="21" classes="21"/>
    <package name="src">
      <metrics statements="0" coveredstatements="0" conditionals="0" coveredconditionals="0" methods="0" coveredmethods="0"/>
      <file name="theme.ts" path="/Users/edgravill/code/ccdigihouse/src/theme.ts">
        <metrics statements="0" coveredstatements="0" conditionals="0" coveredconditionals="0" methods="0" coveredmethods="0"/>
      </file>
    </package>
    <package name="src.assets.images">
      <metrics statements="1" coveredstatements="1" conditionals="0" coveredconditionals="0" methods="0" coveredmethods="0"/>
      <file name="placeholderImage.png" path="/Users/edgravill/code/ccdigihouse/src/assets/images/placeholderImage.png">
        <metrics statements="1" coveredstatements="1" conditionals="0" coveredconditionals="0" methods="0" coveredmethods="0"/>
        <line num="1" count="2" type="stmt"/>
      </file>
    </package>
    <package name="src.components.Button">
      <metrics statements="2" coveredstatements="2" conditionals="0" coveredconditionals="0" methods="1" coveredmethods="1"/>
      <file name="Button.tsx" path="/Users/edgravill/code/ccdigihouse/src/components/Button/Button.tsx">
        <metrics statements="2" coveredstatements="2" conditionals="0" coveredconditionals="0" methods="1" coveredmethods="1"/>
        <line num="13" count="2" type="stmt"/>
        <line num="14" count="14" type="stmt"/>
      </file>
      <file name="index.ts" path="/Users/edgravill/code/ccdigihouse/src/components/Button/index.ts">
        <metrics statements="0" coveredstatements="0" conditionals="0" coveredconditionals="0" methods="0" coveredmethods="0"/>
      </file>
      <file name="styles.ts" path="/Users/edgravill/code/ccdigihouse/src/components/Button/styles.ts">
        <metrics statements="0" coveredstatements="0" conditionals="0" coveredconditionals="0" methods="0" coveredmethods="0"/>
      </file>
    </package>
    <package name="src.components.FilterButtons">
      <metrics statements="27" coveredstatements="27" conditionals="26" coveredconditionals="26" methods="6" coveredmethods="6"/>
      <file name="FilterButtons.tsx" path="/Users/edgravill/code/ccdigihouse/src/components/FilterButtons/FilterButtons.tsx">
        <metrics statements="27" coveredstatements="27" conditionals="26" coveredconditionals="26" methods="6" coveredmethods="6"/>
        <line num="13" count="1" type="stmt"/>
        <line num="14" count="6" type="stmt"/>
        <line num="17" count="6" type="stmt"/>
        <line num="21" count="6" type="stmt"/>
        <line num="22" count="6" type="stmt"/>
        <line num="23" count="6" type="stmt"/>
        <line num="25" count="6" type="cond" truecount="2" falsecount="0"/>
        <line num="26" count="1" type="stmt"/>
        <line num="30" count="5" type="cond" truecount="2" falsecount="0"/>
        <line num="31" count="2" type="stmt"/>
        <line num="36" count="3" type="stmt"/>
        <line num="43" count="6" type="stmt"/>
        <line num="44" count="12" type="stmt"/>
        <line num="45" count="3" type="stmt"/>
        <line num="50" count="6" type="stmt"/>
        <line num="51" count="6" type="cond" truecount="2" falsecount="0"/>
        <line num="52" count="3" type="stmt"/>
        <line num="55" count="3" type="cond" truecount="2" falsecount="0"/>
        <line num="56" count="2" type="stmt"/>
        <line num="59" count="1" type="stmt"/>
        <line num="62" count="6" type="stmt"/>
        <line num="63" count="6" type="cond" truecount="2" falsecount="0"/>
        <line num="64" count="3" type="stmt"/>
        <line num="67" count="3" type="cond" truecount="2" falsecount="0"/>
        <line num="68" count="1" type="stmt"/>
        <line num="71" count="2" type="stmt"/>
        <line num="74" count="6" type="stmt"/>
      </file>
      <file name="styles.ts" path="/Users/edgravill/code/ccdigihouse/src/components/FilterButtons/styles.ts">
        <metrics statements="0" coveredstatements="0" conditionals="0" coveredconditionals="0" methods="0" coveredmethods="0"/>
      </file>
      <file name="types.ts" path="/Users/edgravill/code/ccdigihouse/src/components/FilterButtons/types.ts">
        <metrics statements="0" coveredstatements="0" conditionals="0" coveredconditionals="0" methods="0" coveredmethods="0"/>
      </file>
    </package>
    <package name="src.components.Image">
      <metrics statements="5" coveredstatements="5" conditionals="6" coveredconditionals="6" methods="2" coveredmethods="2"/>
      <file name="Image.tsx" path="/Users/edgravill/code/ccdigihouse/src/components/Image/Image.tsx">
        <metrics statements="5" coveredstatements="5" conditionals="6" coveredconditionals="6" methods="2" coveredmethods="2"/>
        <line num="6" count="2" type="stmt"/>
        <line num="7" count="12" type="stmt"/>
        <line num="9" count="12" type="stmt"/>
        <line num="10" count="1" type="stmt"/>
        <line num="13" count="12" type="stmt"/>
      </file>
      <file name="index.ts" path="/Users/edgravill/code/ccdigihouse/src/components/Image/index.ts">
        <metrics statements="0" coveredstatements="0" conditionals="0" coveredconditionals="0" methods="0" coveredmethods="0"/>
      </file>
    </package>
    <package name="src.components.PointsCard">
      <metrics statements="3" coveredstatements="3" conditionals="0" coveredconditionals="0" methods="1" coveredmethods="1"/>
      <file name="PointsCard.tsx" path="/Users/edgravill/code/ccdigihouse/src/components/PointsCard/PointsCard.tsx">
        <metrics statements="3" coveredstatements="3" conditionals="0" coveredconditionals="0" methods="1" coveredmethods="1"/>
        <line num="8" count="1" type="stmt"/>
        <line num="14" count="1" type="stmt"/>
        <line num="15" count="2" type="stmt"/>
      </file>
      <file name="styles.ts" path="/Users/edgravill/code/ccdigihouse/src/components/PointsCard/styles.ts">
        <metrics statements="0" coveredstatements="0" conditionals="0" coveredconditionals="0" methods="0" coveredmethods="0"/>
      </file>
    </package>
    <package name="src.components.ProductList">
      <metrics statements="7" coveredstatements="7" conditionals="2" coveredconditionals="2" methods="5" coveredmethods="5"/>
      <file name="List.tsx" path="/Users/edgravill/code/ccdigihouse/src/components/ProductList/List.tsx">
        <metrics statements="5" coveredstatements="5" conditionals="0" coveredconditionals="0" methods="4" coveredmethods="4"/>
        <line num="17" count="1" type="stmt"/>
        <line num="19" count="3" type="stmt"/>
        <line num="21" count="9" type="stmt"/>
        <line num="28" count="9" type="stmt"/>
        <line num="30" count="3" type="stmt"/>
      </file>
      <file name="ListItem.tsx" path="/Users/edgravill/code/ccdigihouse/src/components/ProductList/ListItem.tsx">
        <metrics statements="2" coveredstatements="2" conditionals="2" coveredconditionals="2" methods="1" coveredmethods="1"/>
        <line num="10" count="1" type="stmt"/>
        <line num="11" count="9" type="stmt"/>
      </file>
      <file name="styles.ts" path="/Users/edgravill/code/ccdigihouse/src/components/ProductList/styles.ts">
        <metrics statements="0" coveredstatements="0" conditionals="0" coveredconditionals="0" methods="0" coveredmethods="0"/>
      </file>
    </package>
    <package name="src.components.Section">
      <metrics statements="2" coveredstatements="2" conditionals="2" coveredconditionals="2" methods="1" coveredmethods="1"/>
      <file name="Section.tsx" path="/Users/edgravill/code/ccdigihouse/src/components/Section/Section.tsx">
        <metrics statements="2" coveredstatements="2" conditionals="2" coveredconditionals="2" methods="1" coveredmethods="1"/>
        <line num="11" count="1" type="stmt"/>
        <line num="12" count="3" type="stmt"/>
      </file>
      <file name="styles.ts" path="/Users/edgravill/code/ccdigihouse/src/components/Section/styles.ts">
        <metrics statements="0" coveredstatements="0" conditionals="0" coveredconditionals="0" methods="0" coveredmethods="0"/>
      </file>
    </package>
    <package name="src.components.WelcomeMessage">
      <metrics statements="2" coveredstatements="2" conditionals="0" coveredconditionals="0" methods="1" coveredmethods="1"/>
      <file name="WelcomeMessage.tsx" path="/Users/edgravill/code/ccdigihouse/src/components/WelcomeMessage/WelcomeMessage.tsx">
        <metrics statements="2" coveredstatements="2" conditionals="0" coveredconditionals="0" methods="1" coveredmethods="1"/>
        <line num="10" count="1" type="stmt"/>
        <line num="11" count="1" type="stmt"/>
      </file>
      <file name="styles.ts" path="/Users/edgravill/code/ccdigihouse/src/components/WelcomeMessage/styles.ts">
        <metrics statements="0" coveredstatements="0" conditionals="0" coveredconditionals="0" methods="0" coveredmethods="0"/>
      </file>
    </package>
    <package name="src.controllers">
      <metrics statements="47" coveredstatements="47" conditionals="11" coveredconditionals="11" methods="15" coveredmethods="15"/>
      <file name="Products.ts" path="/Users/edgravill/code/ccdigihouse/src/controllers/Products.ts">
        <metrics statements="47" coveredstatements="47" conditionals="11" coveredconditionals="11" methods="15" coveredmethods="15"/>
        <line num="26" count="1" type="stmt"/>
        <line num="28" count="1" type="stmt"/>
        <line num="29" count="14" type="stmt"/>
        <line num="37" count="16" type="stmt"/>
        <line num="38" count="16" type="stmt"/>
        <line num="39" count="16" type="stmt"/>
        <line num="43" count="16" type="stmt"/>
        <line num="44" count="9" type="stmt"/>
        <line num="45" count="9" type="stmt"/>
        <line num="47" count="9" type="stmt"/>
        <line num="48" count="8" type="cond" truecount="2" falsecount="0"/>
        <line num="49" count="7" type="stmt"/>
        <line num="50" count="7" type="stmt"/>
        <line num="51" count="7" type="stmt"/>
        <line num="55" count="9" type="cond" truecount="2" falsecount="0"/>
        <line num="56" count="7" type="stmt"/>
        <line num="61" count="16" type="stmt"/>
        <line num="62" count="16" type="stmt"/>
        <line num="66" count="21" type="stmt"/>
        <line num="68" count="21" type="cond" truecount="2" falsecount="0"/>
        <line num="69" count="11" type="stmt"/>
        <line num="72" count="10" type="stmt"/>
        <line num="75" count="16" type="stmt"/>
        <line num="76" count="11" type="cond" truecount="4" falsecount="0"/>
        <line num="77" count="1" type="stmt"/>
        <line num="80" count="10" type="stmt"/>
        <line num="81" count="10" type="stmt"/>
        <line num="82" count="10" type="stmt"/>
        <line num="83" count="9" type="stmt"/>
        <line num="85" count="9" type="stmt"/>
        <line num="86" count="9" type="stmt"/>
        <line num="88" count="9" type="stmt"/>
        <line num="90" count="1" type="stmt"/>
        <line num="94" count="16" type="stmt"/>
        <line num="95" count="1" type="stmt"/>
        <line num="97" count="1" type="stmt"/>
        <line num="98" count="1" type="stmt"/>
        <line num="100" count="1" type="stmt"/>
        <line num="104" count="16" type="stmt"/>
        <line num="105" count="9" type="stmt"/>
        <line num="106" count="9" type="stmt"/>
        <line num="107" count="9" type="stmt"/>
        <line num="108" count="9" type="stmt"/>
        <line num="111" count="16" type="stmt"/>
        <line num="112" count="1" type="stmt"/>
        <line num="115" count="16" type="stmt"/>
        <line num="116" count="1" type="stmt"/>
      </file>
      <file name="httpClient.ts" path="/Users/edgravill/code/ccdigihouse/src/controllers/httpClient.ts">
        <metrics statements="0" coveredstatements="0" conditionals="0" coveredconditionals="0" methods="0" coveredmethods="0"/>
      </file>
    </package>
  </project>
</coverage>
