{"/Users/edgravill/code/ccdigihouse/src/theme.ts": {"path":"/Users/edgravill/code/ccdigihouse/src/theme.ts","statementMap":{},"fnMap":{},"branchMap":{},"s":{},"f":{},"b":{},"_coverageSchema":"1a1c01bbd47fc00a2c39e90264f33305004495a9","hash":"99bdf0b3f8bded4e53ee6bb918245f417f2979d0"}
,"/Users/edgravill/code/ccdigihouse/src/assets/images/placeholderImage.png": {"path":"/Users/edgravill/code/ccdigihouse/src/assets/images/placeholderImage.png","statementMap":{"0":{"start":{"line":1,"column":0},"end":{"line":4,"column":6}}},"fnMap":{},"branchMap":{},"s":{"0":2},"f":{},"b":{},"_coverageSchema":"1a1c01bbd47fc00a2c39e90264f33305004495a9","hash":"357de543709634ed2593c28477d13e1e9b655acf"}
,"/Users/edgravill/code/ccdigihouse/src/components/Button/Button.tsx": {"path":"/Users/edgravill/code/ccdigihouse/src/components/Button/Button.tsx","statementMap":{"0":{"start":{"line":13,"column":26},"end":{"line":23,"column":1}},"1":{"start":{"line":14,"column":2},"end":{"line":22,"column":18}}},"fnMap":{"0":{"name":"(anonymous_0)","decl":{"start":{"line":13,"column":26},"end":{"line":13,"column":27}},"loc":{"start":{"line":14,"column":2},"end":{"line":22,"column":18}},"line":14}},"branchMap":{},"s":{"0":2,"1":14},"f":{"0":14},"b":{},"_coverageSchema":"1a1c01bbd47fc00a2c39e90264f33305004495a9","hash":"881ec1a08b668cebbd55d209e544a32d64d7e44c"}
,"/Users/edgravill/code/ccdigihouse/src/components/Button/index.ts": {"path":"/Users/edgravill/code/ccdigihouse/src/components/Button/index.ts","statementMap":{},"fnMap":{},"branchMap":{},"s":{},"f":{},"b":{},"_coverageSchema":"1a1c01bbd47fc00a2c39e90264f33305004495a9","hash":"fae89facc57393ecd86613b2d8db0e36ab864787"}
,"/Users/edgravill/code/ccdigihouse/src/components/Button/styles.ts": {"path":"/Users/edgravill/code/ccdigihouse/src/components/Button/styles.ts","statementMap":{},"fnMap":{},"branchMap":{},"s":{},"f":{},"b":{},"_coverageSchema":"1a1c01bbd47fc00a2c39e90264f33305004495a9","hash":"04bb5b67386f622a9c5d45d24d5f9e9257ded12b"}
,"/Users/edgravill/code/ccdigihouse/src/components/FilterButtons/FilterButtons.tsx": {"path":"/Users/edgravill/code/ccdigihouse/src/components/FilterButtons/FilterButtons.tsx","statementMap":{"0":{"start":{"line":13,"column":39},"end":{"line":91,"column":1}},"1":{"start":{"line":14,"column":40},"end":{"line":16,"column":3}},"2":{"start":{"line":17,"column":41},"end":{"line":19,"column":3}},"3":{"start":{"line":21,"column":2},"end":{"line":41,"column":15}},"4":{"start":{"line":22,"column":4},"end":{"line":22,"column":37}},"5":{"start":{"line":23,"column":4},"end":{"line":23,"column":38}},"6":{"start":{"line":25,"column":4},"end":{"line":40,"column":5}},"7":{"start":{"line":26,"column":6},"end":{"line":29,"column":17}},"8":{"start":{"line":30,"column":11},"end":{"line":40,"column":5}},"9":{"start":{"line":31,"column":6},"end":{"line":34,"column":17}},"10":{"start":{"line":36,"column":6},"end":{"line":39,"column":17}},"11":{"start":{"line":43,"column":18},"end":{"line":48,"column":3}},"12":{"start":{"line":44,"column":29},"end":{"line":46,"column":5}},"13":{"start":{"line":45,"column":6},"end":{"line":45,"column":29}},"14":{"start":{"line":50,"column":27},"end":{"line":60,"column":14}},"15":{"start":{"line":51,"column":4},"end":{"line":53,"column":5}},"16":{"start":{"line":52,"column":6},"end":{"line":52,"column":23}},"17":{"start":{"line":55,"column":4},"end":{"line":57,"column":5}},"18":{"start":{"line":56,"column":6},"end":{"line":56,"column":21}},"19":{"start":{"line":59,"column":4},"end":{"line":59,"column":14}},"20":{"start":{"line":62,"column":28},"end":{"line":72,"column":14}},"21":{"start":{"line":63,"column":4},"end":{"line":65,"column":5}},"22":{"start":{"line":64,"column":6},"end":{"line":64,"column":25}},"23":{"start":{"line":67,"column":4},"end":{"line":69,"column":5}},"24":{"start":{"line":68,"column":6},"end":{"line":68,"column":21}},"25":{"start":{"line":71,"column":4},"end":{"line":71,"column":14}},"26":{"start":{"line":74,"column":2},"end":{"line":90,"column":4}}},"fnMap":{"0":{"name":"(anonymous_0)","decl":{"start":{"line":13,"column":39},"end":{"line":13,"column":40}},"loc":{"start":{"line":13,"column":66},"end":{"line":91,"column":1}},"line":13},"1":{"name":"(anonymous_1)","decl":{"start":{"line":21,"column":12},"end":{"line":21,"column":13}},"loc":{"start":{"line":21,"column":18},"end":{"line":41,"column":3}},"line":21},"2":{"name":"(anonymous_2)","decl":{"start":{"line":44,"column":4},"end":{"line":44,"column":5}},"loc":{"start":{"line":44,"column":29},"end":{"line":46,"column":5}},"line":44},"3":{"name":"(anonymous_3)","decl":{"start":{"line":44,"column":29},"end":{"line":44,"column":30}},"loc":{"start":{"line":44,"column":35},"end":{"line":46,"column":5}},"line":44},"4":{"name":"(anonymous_4)","decl":{"start":{"line":50,"column":35},"end":{"line":50,"column":36}},"loc":{"start":{"line":50,"column":41},"end":{"line":60,"column":3}},"line":50},"5":{"name":"(anonymous_5)","decl":{"start":{"line":62,"column":36},"end":{"line":62,"column":37}},"loc":{"start":{"line":62,"column":42},"end":{"line":72,"column":3}},"line":62}},"branchMap":{"0":{"loc":{"start":{"line":15,"column":23},"end":{"line":15,"column":81}},"type":"cond-expr","locations":[{"start":{"line":15,"column":76},"end":{"line":15,"column":77}},{"start":{"line":15,"column":80},"end":{"line":15,"column":81}}],"line":15},"1":{"loc":{"start":{"line":15,"column":23},"end":{"line":15,"column":73}},"type":"binary-expr","locations":[{"start":{"line":15,"column":23},"end":{"line":15,"column":44}},{"start":{"line":15,"column":48},"end":{"line":15,"column":73}}],"line":15},"2":{"loc":{"start":{"line":18,"column":23},"end":{"line":18,"column":82}},"type":"cond-expr","locations":[{"start":{"line":18,"column":77},"end":{"line":18,"column":78}},{"start":{"line":18,"column":81},"end":{"line":18,"column":82}}],"line":18},"3":{"loc":{"start":{"line":18,"column":23},"end":{"line":18,"column":74}},"type":"binary-expr","locations":[{"start":{"line":18,"column":23},"end":{"line":18,"column":44}},{"start":{"line":18,"column":48},"end":{"line":18,"column":74}}],"line":18},"4":{"loc":{"start":{"line":25,"column":4},"end":{"line":40,"column":5}},"type":"if","locations":[{"start":{"line":25,"column":4},"end":{"line":40,"column":5}},{"start":{"line":30,"column":11},"end":{"line":40,"column":5}}],"line":25},"5":{"loc":{"start":{"line":30,"column":11},"end":{"line":40,"column":5}},"type":"if","locations":[{"start":{"line":30,"column":11},"end":{"line":40,"column":5}},{"start":{"line":35,"column":11},"end":{"line":40,"column":5}}],"line":30},"6":{"loc":{"start":{"line":51,"column":4},"end":{"line":53,"column":5}},"type":"if","locations":[{"start":{"line":51,"column":4},"end":{"line":53,"column":5}},{"start":{},"end":{}}],"line":51},"7":{"loc":{"start":{"line":55,"column":4},"end":{"line":57,"column":5}},"type":"if","locations":[{"start":{"line":55,"column":4},"end":{"line":57,"column":5}},{"start":{},"end":{}}],"line":55},"8":{"loc":{"start":{"line":63,"column":4},"end":{"line":65,"column":5}},"type":"if","locations":[{"start":{"line":63,"column":4},"end":{"line":65,"column":5}},{"start":{},"end":{}}],"line":63},"9":{"loc":{"start":{"line":67,"column":4},"end":{"line":69,"column":5}},"type":"if","locations":[{"start":{"line":67,"column":4},"end":{"line":69,"column":5}},{"start":{},"end":{}}],"line":67},"10":{"loc":{"start":{"line":76,"column":57},"end":{"line":76,"column":87}},"type":"cond-expr","locations":[{"start":{"line":76,"column":81},"end":{"line":76,"column":83}},{"start":{"line":76,"column":86},"end":{"line":76,"column":87}}],"line":76},"11":{"loc":{"start":{"line":80,"column":25},"end":{"line":80,"column":76}},"type":"cond-expr","locations":[{"start":{"line":80,"column":49},"end":{"line":80,"column":63}},{"start":{"line":80,"column":66},"end":{"line":80,"column":76}}],"line":80},"12":{"loc":{"start":{"line":85,"column":25},"end":{"line":85,"column":77}},"type":"cond-expr","locations":[{"start":{"line":85,"column":49},"end":{"line":85,"column":64}},{"start":{"line":85,"column":67},"end":{"line":85,"column":77}}],"line":85}},"s":{"0":1,"1":6,"2":6,"3":6,"4":6,"5":6,"6":6,"7":1,"8":5,"9":2,"10":3,"11":6,"12":12,"13":3,"14":6,"15":6,"16":3,"17":3,"18":2,"19":1,"20":6,"21":6,"22":3,"23":3,"24":1,"25":2,"26":6},"f":{"0":6,"1":6,"2":12,"3":3,"4":6,"5":6},"b":{"0":[5,1],"1":[6,3],"2":[4,2],"3":[6,3],"4":[1,5],"5":[2,3],"6":[3,3],"7":[2,1],"8":[3,3],"9":[1,2],"10":[3,3],"11":[3,3],"12":[3,3]},"_coverageSchema":"1a1c01bbd47fc00a2c39e90264f33305004495a9","hash":"5ac1fcfbc244bf38863119bba4ac958bcbaab008"}
,"/Users/edgravill/code/ccdigihouse/src/components/FilterButtons/styles.ts": {"path":"/Users/edgravill/code/ccdigihouse/src/components/FilterButtons/styles.ts","statementMap":{},"fnMap":{},"branchMap":{},"s":{},"f":{},"b":{},"_coverageSchema":"1a1c01bbd47fc00a2c39e90264f33305004495a9","hash":"b382249598a10d08e3f7b9c14327c86cd97a87e5"}
,"/Users/edgravill/code/ccdigihouse/src/components/FilterButtons/types.ts": {"path":"/Users/edgravill/code/ccdigihouse/src/components/FilterButtons/types.ts","statementMap":{},"fnMap":{},"branchMap":{},"s":{},"f":{},"b":{},"_coverageSchema":"1a1c01bbd47fc00a2c39e90264f33305004495a9","hash":"d59e1abe8046b8aa8dc6f20ff60bdc32f91c8ff5"}
,"/Users/edgravill/code/ccdigihouse/src/components/Image/Image.tsx": {"path":"/Users/edgravill/code/ccdigihouse/src/components/Image/Image.tsx","statementMap":{"0":{"start":{"line":6,"column":30},"end":{"line":32,"column":1}},"1":{"start":{"line":7,"column":34},"end":{"line":7,"column":49}},"2":{"start":{"line":9,"column":20},"end":{"line":11,"column":8}},"3":{"start":{"line":10,"column":4},"end":{"line":10,"column":22}},"4":{"start":{"line":13,"column":2},"end":{"line":31,"column":4}}},"fnMap":{"0":{"name":"(anonymous_0)","decl":{"start":{"line":6,"column":30},"end":{"line":6,"column":31}},"loc":{"start":{"line":6,"column":41},"end":{"line":32,"column":1}},"line":6},"1":{"name":"(anonymous_1)","decl":{"start":{"line":9,"column":32},"end":{"line":9,"column":33}},"loc":{"start":{"line":9,"column":38},"end":{"line":11,"column":3}},"line":9}},"branchMap":{"0":{"loc":{"start":{"line":18,"column":58},"end":{"line":18,"column":84}},"type":"cond-expr","locations":[{"start":{"line":18,"column":69},"end":{"line":18,"column":75}},{"start":{"line":18,"column":78},"end":{"line":18,"column":84}}],"line":18},"1":{"loc":{"start":{"line":25,"column":20},"end":{"line":25,"column":54}},"type":"cond-expr","locations":[{"start":{"line":25,"column":31},"end":{"line":25,"column":41}},{"start":{"line":25,"column":44},"end":{"line":25,"column":54}}],"line":25},"2":{"loc":{"start":{"line":26,"column":31},"end":{"line":26,"column":47}},"type":"cond-expr","locations":[{"start":{"line":26,"column":42},"end":{"line":26,"column":43}},{"start":{"line":26,"column":46},"end":{"line":26,"column":47}}],"line":26}},"s":{"0":2,"1":12,"2":12,"3":1,"4":12},"f":{"0":12,"1":1},"b":{"0":[1,11],"1":[1,11],"2":[1,11]},"_coverageSchema":"1a1c01bbd47fc00a2c39e90264f33305004495a9","hash":"40a19198a558752ae9157c3d66cc7994daf392e8"}
,"/Users/edgravill/code/ccdigihouse/src/components/Image/index.ts": {"path":"/Users/edgravill/code/ccdigihouse/src/components/Image/index.ts","statementMap":{},"fnMap":{},"branchMap":{},"s":{},"f":{},"b":{},"_coverageSchema":"1a1c01bbd47fc00a2c39e90264f33305004495a9","hash":"f3b5d52326873983ba1646e798c083770b1af8f1"}
,"/Users/edgravill/code/ccdigihouse/src/components/PointsCard/PointsCard.tsx": {"path":"/Users/edgravill/code/ccdigihouse/src/components/PointsCard/PointsCard.tsx","statementMap":{"0":{"start":{"line":8,"column":21},"end":{"line":8,"column":63}},"1":{"start":{"line":14,"column":30},"end":{"line":23,"column":1}},"2":{"start":{"line":15,"column":2},"end":{"line":22,"column":9}}},"fnMap":{"0":{"name":"(anonymous_0)","decl":{"start":{"line":14,"column":30},"end":{"line":14,"column":31}},"loc":{"start":{"line":15,"column":2},"end":{"line":22,"column":9}},"line":15}},"branchMap":{},"s":{"0":1,"1":1,"2":2},"f":{"0":2},"b":{},"_coverageSchema":"1a1c01bbd47fc00a2c39e90264f33305004495a9","hash":"ffb29b61b2f4d2e90c4e3bdd8e863e9fc3700e93"}
,"/Users/edgravill/code/ccdigihouse/src/components/PointsCard/styles.ts": {"path":"/Users/edgravill/code/ccdigihouse/src/components/PointsCard/styles.ts","statementMap":{},"fnMap":{},"branchMap":{},"s":{},"f":{},"b":{},"_coverageSchema":"1a1c01bbd47fc00a2c39e90264f33305004495a9","hash":"e410e9464ecfc18352afcb223185c001ca49e773"}
,"/Users/edgravill/code/ccdigihouse/src/components/ProductList/List.tsx": {"path":"/Users/edgravill/code/ccdigihouse/src/components/ProductList/List.tsx","statementMap":{"0":{"start":{"line":17,"column":31},"end":{"line":43,"column":1}},"1":{"start":{"line":19,"column":21},"end":{"line":26,"column":3}},"2":{"start":{"line":21,"column":6},"end":{"line":23,"column":25}},"3":{"start":{"line":21,"column":39},"end":{"line":21,"column":67}},"4":{"start":{"line":28,"column":23},"end":{"line":28,"column":63}},"5":{"start":{"line":28,"column":56},"end":{"line":28,"column":58}},"6":{"start":{"line":30,"column":2},"end":{"line":42,"column":4}}},"fnMap":{"0":{"name":"(anonymous_0)","decl":{"start":{"line":17,"column":31},"end":{"line":17,"column":32}},"loc":{"start":{"line":17,"column":94},"end":{"line":43,"column":1}},"line":17},"1":{"name":"(anonymous_1)","decl":{"start":{"line":20,"column":4},"end":{"line":20,"column":5}},"loc":{"start":{"line":21,"column":6},"end":{"line":23,"column":25}},"line":21},"2":{"name":"(anonymous_2)","decl":{"start":{"line":21,"column":33},"end":{"line":21,"column":34}},"loc":{"start":{"line":21,"column":39},"end":{"line":21,"column":67}},"line":21},"3":{"name":"(anonymous_3)","decl":{"start":{"line":28,"column":35},"end":{"line":28,"column":36}},"loc":{"start":{"line":28,"column":56},"end":{"line":28,"column":58}},"line":28}},"branchMap":{},"s":{"0":1,"1":3,"2":9,"3":1,"4":3,"5":9,"6":3},"f":{"0":3,"1":9,"2":1,"3":9},"b":{},"_coverageSchema":"1a1c01bbd47fc00a2c39e90264f33305004495a9","hash":"14bbf0071ac8c9ff624f6dff051a75118e94c49f"}
,"/Users/edgravill/code/ccdigihouse/src/components/ProductList/ListItem.tsx": {"path":"/Users/edgravill/code/ccdigihouse/src/components/ProductList/ListItem.tsx","statementMap":{"0":{"start":{"line":10,"column":45},"end":{"line":35,"column":1}},"1":{"start":{"line":11,"column":2},"end":{"line":34,"column":4}}},"fnMap":{"0":{"name":"(anonymous_0)","decl":{"start":{"line":10,"column":45},"end":{"line":10,"column":46}},"loc":{"start":{"line":10,"column":59},"end":{"line":35,"column":1}},"line":10}},"branchMap":{"0":{"loc":{"start":{"line":27,"column":9},"end":{"line":27,"column":113}},"type":"cond-expr","locations":[{"start":{"line":27,"column":29},"end":{"line":27,"column":70}},{"start":{"line":27,"column":73},"end":{"line":27,"column":113}}],"line":27}},"s":{"0":1,"1":9},"f":{"0":9},"b":{"0":[3,6]},"_coverageSchema":"1a1c01bbd47fc00a2c39e90264f33305004495a9","hash":"1ad4c3b088d560a119a2a2a0857f9eb474eb8b33"}
,"/Users/edgravill/code/ccdigihouse/src/components/ProductList/styles.ts": {"path":"/Users/edgravill/code/ccdigihouse/src/components/ProductList/styles.ts","statementMap":{},"fnMap":{},"branchMap":{},"s":{},"f":{},"b":{},"_coverageSchema":"1a1c01bbd47fc00a2c39e90264f33305004495a9","hash":"3d723c332ac81b5fa967bf77b0a35553868bcf53"}
,"/Users/edgravill/code/ccdigihouse/src/components/Section/Section.tsx": {"path":"/Users/edgravill/code/ccdigihouse/src/components/Section/Section.tsx","statementMap":{"0":{"start":{"line":11,"column":46},"end":{"line":21,"column":1}},"1":{"start":{"line":12,"column":2},"end":{"line":20,"column":9}}},"fnMap":{"0":{"name":"(anonymous_0)","decl":{"start":{"line":11,"column":46},"end":{"line":11,"column":47}},"loc":{"start":{"line":12,"column":2},"end":{"line":20,"column":9}},"line":12}},"branchMap":{"0":{"loc":{"start":{"line":14,"column":45},"end":{"line":14,"column":95}},"type":"cond-expr","locations":[{"start":{"line":14,"column":60},"end":{"line":14,"column":77}},{"start":{"line":14,"column":80},"end":{"line":14,"column":95}}],"line":14}},"s":{"0":1,"1":3},"f":{"0":3},"b":{"0":[1,2]},"_coverageSchema":"1a1c01bbd47fc00a2c39e90264f33305004495a9","hash":"9858d647b5dac906c50c41b91f052f6fe56da1af"}
,"/Users/edgravill/code/ccdigihouse/src/components/Section/styles.ts": {"path":"/Users/edgravill/code/ccdigihouse/src/components/Section/styles.ts","statementMap":{},"fnMap":{},"branchMap":{},"s":{},"f":{},"b":{},"_coverageSchema":"1a1c01bbd47fc00a2c39e90264f33305004495a9","hash":"49eaf060e48415a68300e7b6f6045d24bb364870"}
,"/Users/edgravill/code/ccdigihouse/src/components/WelcomeMessage/WelcomeMessage.tsx": {"path":"/Users/edgravill/code/ccdigihouse/src/components/WelcomeMessage/WelcomeMessage.tsx","statementMap":{"0":{"start":{"line":10,"column":34},"end":{"line":19,"column":1}},"1":{"start":{"line":11,"column":2},"end":{"line":18,"column":9}}},"fnMap":{"0":{"name":"(anonymous_0)","decl":{"start":{"line":10,"column":34},"end":{"line":10,"column":35}},"loc":{"start":{"line":11,"column":2},"end":{"line":18,"column":9}},"line":11}},"branchMap":{},"s":{"0":1,"1":1},"f":{"0":1},"b":{},"_coverageSchema":"1a1c01bbd47fc00a2c39e90264f33305004495a9","hash":"480616c22295509156e2fb02c1b83773958bf86f"}
,"/Users/edgravill/code/ccdigihouse/src/components/WelcomeMessage/styles.ts": {"path":"/Users/edgravill/code/ccdigihouse/src/components/WelcomeMessage/styles.ts","statementMap":{},"fnMap":{},"branchMap":{},"s":{},"f":{},"b":{},"_coverageSchema":"1a1c01bbd47fc00a2c39e90264f33305004495a9","hash":"87c461e3f92645c4c61849784bd19bdb03d4b534"}
,"/Users/edgravill/code/ccdigihouse/src/controllers/Products.ts": {"path":"/Users/edgravill/code/ccdigihouse/src/controllers/Products.ts","statementMap":{"0":{"start":{"line":26,"column":20},"end":{"line":26,"column":55}},"1":{"start":{"line":28,"column":25},"end":{"line":34,"column":3}},"2":{"start":{"line":29,"column":4},"end":{"line":33,"column":8}},"3":{"start":{"line":29,"column":38},"end":{"line":33,"column":5}},"4":{"start":{"line":37,"column":23},"end":{"line":37,"column":47}},"5":{"start":{"line":38,"column":28},"end":{"line":38,"column":49}},"6":{"start":{"line":39,"column":60},"end":{"line":39,"column":62}},"7":{"start":{"line":43,"column":26},"end":{"line":58,"column":3}},"8":{"start":{"line":44,"column":26},"end":{"line":44,"column":44}},"9":{"start":{"line":45,"column":21},"end":{"line":45,"column":26}},"10":{"start":{"line":47,"column":4},"end":{"line":53,"column":7}},"11":{"start":{"line":48,"column":6},"end":{"line":52,"column":7}},"12":{"start":{"line":49,"column":8},"end":{"line":49,"column":26}},"13":{"start":{"line":50,"column":8},"end":{"line":50,"column":40}},"14":{"start":{"line":51,"column":8},"end":{"line":51,"column":36}},"15":{"start":{"line":55,"column":4},"end":{"line":57,"column":5}},"16":{"start":{"line":56,"column":6},"end":{"line":56,"column":36}},"17":{"start":{"line":61,"column":4},"end":{"line":61,"column":66}},"18":{"start":{"line":62,"column":4},"end":{"line":62,"column":74}},"19":{"start":{"line":62,"column":54},"end":{"line":62,"column":72}},"20":{"start":{"line":66,"column":27},"end":{"line":66,"column":103}},"21":{"start":{"line":68,"column":4},"end":{"line":70,"column":5}},"22":{"start":{"line":69,"column":6},"end":{"line":69,"column":16}},"23":{"start":{"line":72,"column":4},"end":{"line":72,"column":26}},"24":{"start":{"line":75,"column":25},"end":{"line":92,"column":3}},"25":{"start":{"line":76,"column":4},"end":{"line":78,"column":5}},"26":{"start":{"line":77,"column":6},"end":{"line":77,"column":27}},"27":{"start":{"line":80,"column":4},"end":{"line":80,"column":49}},"28":{"start":{"line":81,"column":4},"end":{"line":91,"column":5}},"29":{"start":{"line":82,"column":23},"end":{"line":82,"column":110}},"30":{"start":{"line":83,"column":6},"end":{"line":83,"column":34}},"31":{"start":{"line":85,"column":29},"end":{"line":85,"column":75}},"32":{"start":{"line":86,"column":6},"end":{"line":86,"column":41}},"33":{"start":{"line":88,"column":6},"end":{"line":88,"column":27}},"34":{"start":{"line":90,"column":6},"end":{"line":90,"column":27}},"35":{"start":{"line":94,"column":28},"end":{"line":102,"column":3}},"36":{"start":{"line":95,"column":4},"end":{"line":95,"column":47}},"37":{"start":{"line":97,"column":4},"end":{"line":101,"column":6}},"38":{"start":{"line":98,"column":20},"end":{"line":98,"column":65}},"39":{"start":{"line":100,"column":6},"end":{"line":100,"column":51}},"40":{"start":{"line":104,"column":17},"end":{"line":109,"column":3}},"41":{"start":{"line":105,"column":4},"end":{"line":105,"column":23}},"42":{"start":{"line":106,"column":4},"end":{"line":106,"column":47}},"43":{"start":{"line":107,"column":4},"end":{"line":107,"column":31}},"44":{"start":{"line":108,"column":4},"end":{"line":108,"column":67}},"45":{"start":{"line":111,"column":17},"end":{"line":113,"column":3}},"46":{"start":{"line":112,"column":4},"end":{"line":112,"column":40}},"47":{"start":{"line":115,"column":26},"end":{"line":116,"column":52}},"48":{"start":{"line":116,"column":4},"end":{"line":116,"column":52}},"49":{"start":{"line":116,"column":35},"end":{"line":116,"column":51}}},"fnMap":{"0":{"name":"(anonymous_0)","decl":{"start":{"line":28,"column":25},"end":{"line":28,"column":26}},"loc":{"start":{"line":28,"column":64},"end":{"line":34,"column":3}},"line":28},"1":{"name":"(anonymous_1)","decl":{"start":{"line":29,"column":24},"end":{"line":29,"column":25}},"loc":{"start":{"line":29,"column":38},"end":{"line":33,"column":5}},"line":29},"2":{"name":"(anonymous_2)","decl":{"start":{"line":41,"column":2},"end":{"line":41,"column":3}},"loc":{"start":{"line":41,"column":76},"end":{"line":41,"column":78}},"line":41},"3":{"name":"(anonymous_3)","decl":{"start":{"line":43,"column":26},"end":{"line":43,"column":27}},"loc":{"start":{"line":43,"column":57},"end":{"line":58,"column":3}},"line":43},"4":{"name":"(anonymous_4)","decl":{"start":{"line":47,"column":21},"end":{"line":47,"column":22}},"loc":{"start":{"line":47,"column":34},"end":{"line":53,"column":5}},"line":47},"5":{"name":"(anonymous_5)","decl":{"start":{"line":60,"column":2},"end":{"line":60,"column":3}},"loc":{"start":{"line":60,"column":43},"end":{"line":63,"column":3}},"line":60},"6":{"name":"(anonymous_6)","decl":{"start":{"line":62,"column":40},"end":{"line":62,"column":41}},"loc":{"start":{"line":62,"column":54},"end":{"line":62,"column":72}},"line":62},"7":{"name":"(anonymous_7)","decl":{"start":{"line":65,"column":2},"end":{"line":65,"column":3}},"loc":{"start":{"line":65,"column":35},"end":{"line":73,"column":3}},"line":65},"8":{"name":"(anonymous_8)","decl":{"start":{"line":75,"column":25},"end":{"line":75,"column":26}},"loc":{"start":{"line":75,"column":57},"end":{"line":92,"column":3}},"line":75},"9":{"name":"(anonymous_9)","decl":{"start":{"line":94,"column":28},"end":{"line":94,"column":29}},"loc":{"start":{"line":94,"column":79},"end":{"line":102,"column":3}},"line":94},"10":{"name":"(anonymous_10)","decl":{"start":{"line":97,"column":11},"end":{"line":97,"column":12}},"loc":{"start":{"line":97,"column":17},"end":{"line":101,"column":5}},"line":97},"11":{"name":"(anonymous_11)","decl":{"start":{"line":104,"column":17},"end":{"line":104,"column":18}},"loc":{"start":{"line":104,"column":23},"end":{"line":109,"column":3}},"line":104},"12":{"name":"(anonymous_12)","decl":{"start":{"line":111,"column":17},"end":{"line":111,"column":18}},"loc":{"start":{"line":111,"column":44},"end":{"line":113,"column":3}},"line":111},"13":{"name":"(anonymous_13)","decl":{"start":{"line":115,"column":26},"end":{"line":115,"column":27}},"loc":{"start":{"line":116,"column":4},"end":{"line":116,"column":52}},"line":116},"14":{"name":"(anonymous_14)","decl":{"start":{"line":116,"column":23},"end":{"line":116,"column":24}},"loc":{"start":{"line":116,"column":35},"end":{"line":116,"column":51}},"line":116}},"branchMap":{"0":{"loc":{"start":{"line":41,"column":31},"end":{"line":41,"column":57}},"type":"default-arg","locations":[{"start":{"line":41,"column":43},"end":{"line":41,"column":57}}],"line":41},"1":{"loc":{"start":{"line":48,"column":6},"end":{"line":52,"column":7}},"type":"if","locations":[{"start":{"line":48,"column":6},"end":{"line":52,"column":7}},{"start":{},"end":{}}],"line":48},"2":{"loc":{"start":{"line":55,"column":4},"end":{"line":57,"column":5}},"type":"if","locations":[{"start":{"line":55,"column":4},"end":{"line":57,"column":5}},{"start":{},"end":{}}],"line":55},"3":{"loc":{"start":{"line":68,"column":4},"end":{"line":70,"column":5}},"type":"if","locations":[{"start":{"line":68,"column":4},"end":{"line":70,"column":5}},{"start":{},"end":{}}],"line":68},"4":{"loc":{"start":{"line":76,"column":4},"end":{"line":78,"column":5}},"type":"if","locations":[{"start":{"line":76,"column":4},"end":{"line":78,"column":5}},{"start":{},"end":{}}],"line":76},"5":{"loc":{"start":{"line":76,"column":8},"end":{"line":76,"column":80}},"type":"binary-expr","locations":[{"start":{"line":76,"column":8},"end":{"line":76,"column":22}},{"start":{"line":76,"column":26},"end":{"line":76,"column":80}}],"line":76}},"s":{"0":1,"1":1,"2":14,"3":14,"4":16,"5":16,"6":16,"7":16,"8":9,"9":9,"10":9,"11":8,"12":7,"13":7,"14":7,"15":9,"16":7,"17":16,"18":16,"19":1,"20":21,"21":21,"22":11,"23":10,"24":16,"25":11,"26":1,"27":10,"28":10,"29":10,"30":9,"31":9,"32":9,"33":9,"34":1,"35":16,"36":1,"37":1,"38":1,"39":1,"40":16,"41":9,"42":9,"43":9,"44":9,"45":16,"46":1,"47":16,"48":1,"49":1},"f":{"0":14,"1":14,"2":16,"3":9,"4":8,"5":16,"6":1,"7":21,"8":11,"9":1,"10":1,"11":9,"12":1,"13":1,"14":1},"b":{"0":[15],"1":[7,1],"2":[7,2],"3":[11,10],"4":[1,10],"5":[11,2]},"_coverageSchema":"1a1c01bbd47fc00a2c39e90264f33305004495a9","hash":"244e5e414ab945721c1f5c0f2a4d89a64663e7df"}
,"/Users/edgravill/code/ccdigihouse/src/controllers/httpClient.ts": {"path":"/Users/edgravill/code/ccdigihouse/src/controllers/httpClient.ts","statementMap":{},"fnMap":{},"branchMap":{},"s":{},"f":{},"b":{},"_coverageSchema":"1a1c01bbd47fc00a2c39e90264f33305004495a9","hash":"7a67919c22ffac6a61a053aad69f17e3e32c77f6"}
}
