TN:
SF:src/theme.ts
FNF:0
FNH:0
LF:0
LH:0
BRF:0
BRH:0
end_of_record
TN:
SF:src/assets/images/placeholderImage.png
FNF:0
FNH:0
DA:1,2
LF:1
LH:1
BRF:0
BRH:0
end_of_record
TN:
SF:src/components/Button/Button.tsx
FN:13,(anonymous_0)
FNF:1
FNH:1
FNDA:14,(anonymous_0)
DA:13,2
DA:14,14
LF:2
LH:2
BRF:0
BRH:0
end_of_record
TN:
SF:src/components/Button/index.ts
FNF:0
FNH:0
LF:0
LH:0
BRF:0
BRH:0
end_of_record
TN:
SF:src/components/Button/styles.ts
FNF:0
FNH:0
LF:0
LH:0
BRF:0
BRH:0
end_of_record
TN:
SF:src/components/FilterButtons/FilterButtons.tsx
FN:13,(anonymous_0)
FN:21,(anonymous_1)
FN:44,(anonymous_2)
FN:44,(anonymous_3)
FN:50,(anonymous_4)
FN:62,(anonymous_5)
FNF:6
FNH:6
FNDA:6,(anonymous_0)
FNDA:6,(anonymous_1)
FNDA:12,(anonymous_2)
FNDA:3,(anonymous_3)
FNDA:6,(anonymous_4)
FNDA:6,(anonymous_5)
DA:13,1
DA:14,6
DA:17,6
DA:21,6
DA:22,6
DA:23,6
DA:25,6
DA:26,1
DA:30,5
DA:31,2
DA:36,3
DA:43,6
DA:44,12
DA:45,3
DA:50,6
DA:51,6
DA:52,3
DA:55,3
DA:56,2
DA:59,1
DA:62,6
DA:63,6
DA:64,3
DA:67,3
DA:68,1
DA:71,2
DA:74,6
LF:27
LH:27
BRDA:15,0,0,5
BRDA:15,0,1,1
BRDA:15,1,0,6
BRDA:15,1,1,3
BRDA:18,2,0,4
BRDA:18,2,1,2
BRDA:18,3,0,6
BRDA:18,3,1,3
BRDA:25,4,0,1
BRDA:25,4,1,5
BRDA:30,5,0,2
BRDA:30,5,1,3
BRDA:51,6,0,3
BRDA:51,6,1,3
BRDA:55,7,0,2
BRDA:55,7,1,1
BRDA:63,8,0,3
BRDA:63,8,1,3
BRDA:67,9,0,1
BRDA:67,9,1,2
BRDA:76,10,0,3
BRDA:76,10,1,3
BRDA:80,11,0,3
BRDA:80,11,1,3
BRDA:85,12,0,3
BRDA:85,12,1,3
BRF:26
BRH:26
end_of_record
TN:
SF:src/components/FilterButtons/styles.ts
FNF:0
FNH:0
LF:0
LH:0
BRF:0
BRH:0
end_of_record
TN:
SF:src/components/FilterButtons/types.ts
FNF:0
FNH:0
LF:0
LH:0
BRF:0
BRH:0
end_of_record
TN:
SF:src/components/Image/Image.tsx
FN:6,(anonymous_0)
FN:9,(anonymous_1)
FNF:2
FNH:2
FNDA:12,(anonymous_0)
FNDA:1,(anonymous_1)
DA:6,2
DA:7,12
DA:9,12
DA:10,1
DA:13,12
LF:5
LH:5
BRDA:18,0,0,1
BRDA:18,0,1,11
BRDA:25,1,0,1
BRDA:25,1,1,11
BRDA:26,2,0,1
BRDA:26,2,1,11
BRF:6
BRH:6
end_of_record
TN:
SF:src/components/Image/index.ts
FNF:0
FNH:0
LF:0
LH:0
BRF:0
BRH:0
end_of_record
TN:
SF:src/components/PointsCard/PointsCard.tsx
FN:14,(anonymous_0)
FNF:1
FNH:1
FNDA:2,(anonymous_0)
DA:8,1
DA:14,1
DA:15,2
LF:3
LH:3
BRF:0
BRH:0
end_of_record
TN:
SF:src/components/PointsCard/styles.ts
FNF:0
FNH:0
LF:0
LH:0
BRF:0
BRH:0
end_of_record
TN:
SF:src/components/ProductList/List.tsx
FN:17,(anonymous_0)
FN:20,(anonymous_1)
FN:21,(anonymous_2)
FN:28,(anonymous_3)
FNF:4
FNH:4
FNDA:3,(anonymous_0)
FNDA:9,(anonymous_1)
FNDA:1,(anonymous_2)
FNDA:9,(anonymous_3)
DA:17,1
DA:19,3
DA:21,9
DA:28,9
DA:30,3
LF:5
LH:5
BRF:0
BRH:0
end_of_record
TN:
SF:src/components/ProductList/ListItem.tsx
FN:10,(anonymous_0)
FNF:1
FNH:1
FNDA:9,(anonymous_0)
DA:10,1
DA:11,9
LF:2
LH:2
BRDA:27,0,0,3
BRDA:27,0,1,6
BRF:2
BRH:2
end_of_record
TN:
SF:src/components/ProductList/styles.ts
FNF:0
FNH:0
LF:0
LH:0
BRF:0
BRH:0
end_of_record
TN:
SF:src/components/Section/Section.tsx
FN:11,(anonymous_0)
FNF:1
FNH:1
FNDA:3,(anonymous_0)
DA:11,1
DA:12,3
LF:2
LH:2
BRDA:14,0,0,1
BRDA:14,0,1,2
BRF:2
BRH:2
end_of_record
TN:
SF:src/components/Section/styles.ts
FNF:0
FNH:0
LF:0
LH:0
BRF:0
BRH:0
end_of_record
TN:
SF:src/components/WelcomeMessage/WelcomeMessage.tsx
FN:10,(anonymous_0)
FNF:1
FNH:1
FNDA:1,(anonymous_0)
DA:10,1
DA:11,1
LF:2
LH:2
BRF:0
BRH:0
end_of_record
TN:
SF:src/components/WelcomeMessage/styles.ts
FNF:0
FNH:0
LF:0
LH:0
BRF:0
BRH:0
end_of_record
TN:
SF:src/controllers/Products.ts
FN:28,(anonymous_0)
FN:29,(anonymous_1)
FN:41,(anonymous_2)
FN:43,(anonymous_3)
FN:47,(anonymous_4)
FN:60,(anonymous_5)
FN:62,(anonymous_6)
FN:65,(anonymous_7)
FN:75,(anonymous_8)
FN:94,(anonymous_9)
FN:97,(anonymous_10)
FN:104,(anonymous_11)
FN:111,(anonymous_12)
FN:115,(anonymous_13)
FN:116,(anonymous_14)
FNF:15
FNH:15
FNDA:14,(anonymous_0)
FNDA:14,(anonymous_1)
FNDA:16,(anonymous_2)
FNDA:9,(anonymous_3)
FNDA:8,(anonymous_4)
FNDA:16,(anonymous_5)
FNDA:1,(anonymous_6)
FNDA:21,(anonymous_7)
FNDA:11,(anonymous_8)
FNDA:1,(anonymous_9)
FNDA:1,(anonymous_10)
FNDA:9,(anonymous_11)
FNDA:1,(anonymous_12)
FNDA:1,(anonymous_13)
FNDA:1,(anonymous_14)
DA:26,1
DA:28,1
DA:29,14
DA:37,16
DA:38,16
DA:39,16
DA:43,16
DA:44,9
DA:45,9
DA:47,9
DA:48,8
DA:49,7
DA:50,7
DA:51,7
DA:55,9
DA:56,7
DA:61,16
DA:62,16
DA:66,21
DA:68,21
DA:69,11
DA:72,10
DA:75,16
DA:76,11
DA:77,1
DA:80,10
DA:81,10
DA:82,10
DA:83,9
DA:85,9
DA:86,9
DA:88,9
DA:90,1
DA:94,16
DA:95,1
DA:97,1
DA:98,1
DA:100,1
DA:104,16
DA:105,9
DA:106,9
DA:107,9
DA:108,9
DA:111,16
DA:112,1
DA:115,16
DA:116,1
LF:47
LH:47
BRDA:41,0,0,15
BRDA:48,1,0,7
BRDA:48,1,1,1
BRDA:55,2,0,7
BRDA:55,2,1,2
BRDA:68,3,0,11
BRDA:68,3,1,10
BRDA:76,4,0,1
BRDA:76,4,1,10
BRDA:76,5,0,11
BRDA:76,5,1,2
BRF:11
BRH:11
end_of_record
TN:
SF:src/controllers/httpClient.ts
FNF:0
FNH:0
LF:0
LH:0
BRF:0
BRH:0
end_of_record
